app/build/intermediates/manifest_merge_blame_file/debug/manifest-merger-blame-debug-report.txt
1<?xml version="1.0" encoding="utf-8"?>
2<manifest xmlns:android="http://schemas.android.com/apk/res/android"
3    xmlns:dist="http://schemas.android.com/apk/distribution"
4    package="com.ASETP.project"
5    android:versionCode="1"
6    android:versionName="1.0" >
7
8    <uses-sdk
9        android:minSdkVersion="23"
9-->src\main\AndroidManifest.xml
10        android:targetSdkVersion="30" />
10-->src\main\AndroidManifest.xml
11
12    <uses-permission android:name="android.permission.INTERNET" />
12-->src\main\AndroidManifest.xml:6:5-67
12-->src\main\AndroidManifest.xml:6:22-64
13    <uses-permission android:name="android.permission.ACCESS_NETWORK_STATE" />
13-->src\main\AndroidManifest.xml:7:5-79
13-->src\main\AndroidManifest.xml:7:22-76
14    <!-- Need it if the Google play service version is lower than 8.3 -->
15    <uses-permission android:name="android.permission.WRITE_EXTERNAL_STORAGE" />
15-->src\main\AndroidManifest.xml:9:5-81
15-->src\main\AndroidManifest.xml:9:22-78
16    <uses-permission android:name="android.permission.READ_EXTERNAL_STORAGER" />
16-->src\main\AndroidManifest.xml:10:5-81
16-->src\main\AndroidManifest.xml:10:22-78
17    <uses-permission android:name="android.permission.READ_PHONE_STATE" />
17-->src\main\AndroidManifest.xml:11:5-75
17-->src\main\AndroidManifest.xml:11:22-72
18    <uses-permission android:name="android.permission.ACCESS_BACKGROUND_LOCATION" />
18-->src\main\AndroidManifest.xml:12:5-84
18-->src\main\AndroidManifest.xml:12:22-82
19    <uses-permission android:name="android.permission.ACCESS_FINE_LOCATION" />
19-->src\main\AndroidManifest.xml:13:5-78
19-->src\main\AndroidManifest.xml:13:22-76
20    <uses-permission android:name="android.permission.ACCESS_COARSE_LOCATION" />
20-->src\main\AndroidManifest.xml:14:5-80
20-->src\main\AndroidManifest.xml:14:22-78
21
22    <dist:module dist:instant="true" />
22-->src\main\AndroidManifest.xml:16:5-40
22-->src\main\AndroidManifest.xml:16:18-37
23
24    <uses-permission android:name="android.permission.ACCESS_WIFI_STATE" />
24-->[com.google.android.libraries.places:places:2.4.0] AndroidManifest.xml:10:5-76
24-->[com.google.android.libraries.places:places:2.4.0] AndroidManifest.xml:10:22-73
25
26    <uses-feature
26-->[com.google.android.gms:play-services-maps:17.0.0] AndroidManifest.xml:26:5-28:35
27        android:glEsVersion="0x00020000"
27-->[com.google.android.gms:play-services-maps:17.0.0] AndroidManifest.xml:27:9-41
28        android:required="true" />
28-->[com.google.android.gms:play-services-maps:17.0.0] AndroidManifest.xml:28:9-32
29
30    <application
30-->src\main\AndroidManifest.xml:18:5-57:19
31        android:allowBackup="true"
31-->src\main\AndroidManifest.xml:19:9-35
32        android:appComponentFactory="androidx.core.app.CoreComponentFactory"
32-->[androidx.core:core:1.3.1] AndroidManifest.xml:24:18-86
33        android:debuggable="true"
34        android:extractNativeLibs="false"
35        android:icon="@mipmap/ic_launcher"
35-->src\main\AndroidManifest.xml:20:9-43
36        android:label="@string/app_name"
36-->src\main\AndroidManifest.xml:21:9-41
37        android:roundIcon="@mipmap/ic_launcher_round"
37-->src\main\AndroidManifest.xml:22:9-54
38        android:supportsRtl="true"
38-->src\main\AndroidManifest.xml:23:9-35
39        android:testOnly="true"
40        android:theme="@style/AppTheme" >
40-->src\main\AndroidManifest.xml:24:9-40
41        <activity
41-->src\main\AndroidManifest.xml:25:9-33:20
42            android:name="com.ASETP.project.LoginActivity"
42-->src\main\AndroidManifest.xml:26:13-42
43            android:label="@string/app_name" >
43-->src\main\AndroidManifest.xml:27:13-45
44            <intent-filter>
44-->src\main\AndroidManifest.xml:28:13-32:29
45                <action android:name="android.intent.action.MAIN" />
45-->src\main\AndroidManifest.xml:29:17-69
45-->src\main\AndroidManifest.xml:29:25-66
46
47                <category android:name="android.intent.category.LAUNCHER" />
47-->src\main\AndroidManifest.xml:31:17-77
47-->src\main\AndroidManifest.xml:31:27-74
48            </intent-filter>
49        </activity>
50        <activity android:name="com.ASETP.project.RegisterActivity" >
50-->src\main\AndroidManifest.xml:34:9-39:20
50-->src\main\AndroidManifest.xml:34:19-51
51            android:parentActivityName=".LoginActivity">
52            <meta-data
52-->src\main\AndroidManifest.xml:36:13-38:50
53                android:name="android.support.PARENT_ACTIVITY"
53-->src\main\AndroidManifest.xml:37:17-63
54                android:value=".LoginActivity" />
54-->src\main\AndroidManifest.xml:38:17-47
55        </activity>
56        <activity android:name="com.ASETP.project.MainActivity" >
56-->src\main\AndroidManifest.xml:40:9-45:20
56-->src\main\AndroidManifest.xml:40:19-47
57            android:parentActivityName=".LoginActivity">
58            <meta-data
58-->src\main\AndroidManifest.xml:36:13-38:50
59                android:name="android.support.PARENT_ACTIVITY"
59-->src\main\AndroidManifest.xml:37:17-63
60                android:value=".LoginActivity" />
60-->src\main\AndroidManifest.xml:38:17-47
61        </activity>
62<!--               The API key for Google Maps-based APIs. -->
63        <meta-data
63-->src\main\AndroidManifest.xml:49:9-51:49
64            android:name="com.google.android.geo.API_KEY"
64-->src\main\AndroidManifest.xml:50:13-58
65            android:value="@string/google_api" />
65-->src\main\AndroidManifest.xml:51:13-47
66        <meta-data
66-->src\main\AndroidManifest.xml:53:9-55:69
67            android:name="com.google.android.gms.version"
67-->src\main\AndroidManifest.xml:54:13-58
68            android:value="@integer/google_play_services_version" />
68-->src\main\AndroidManifest.xml:55:13-66
69
70        <activity
70-->[com.google.android.libraries.places:places:2.4.0] AndroidManifest.xml:14:9-20:20
71            android:name="com.google.android.libraries.places.widget.AutocompleteActivity"
71-->[com.google.android.libraries.places:places:2.4.0] AndroidManifest.xml:15:13-91
72            android:exported="false"
72-->[com.google.android.libraries.places:places:2.4.0] AndroidManifest.xml:16:13-37
73            android:label="@string/places_autocomplete_label"
73-->[com.google.android.libraries.places:places:2.4.0] AndroidManifest.xml:17:13-62
74            android:theme="@style/PlacesAutocompleteOverlay"
74-->[com.google.android.libraries.places:places:2.4.0] AndroidManifest.xml:18:13-61
75            android:windowSoftInputMode="adjustResize" >
75-->[com.google.android.libraries.places:places:2.4.0] AndroidManifest.xml:19:13-55
76        </activity> <!-- Needs to be explicitly declared on P+ -->
77        <uses-library
77-->[com.google.android.gms:play-services-maps:17.0.0] AndroidManifest.xml:33:9-35:40
78            android:name="org.apache.http.legacy"
78-->[com.google.android.gms:play-services-maps:17.0.0] AndroidManifest.xml:34:13-50
79            android:required="false" />
79-->[com.google.android.gms:play-services-maps:17.0.0] AndroidManifest.xml:35:13-37
80
81        <activity
81-->[com.google.android.gms:play-services-base:17.2.1] AndroidManifest.xml:23:9-26:75
82            android:name="com.google.android.gms.common.api.GoogleApiActivity"
82-->[com.google.android.gms:play-services-base:17.2.1] AndroidManifest.xml:24:13-79
83            android:exported="false"
83-->[com.google.android.gms:play-services-base:17.2.1] AndroidManifest.xml:25:13-37
84            android:theme="@android:style/Theme.Translucent.NoTitleBar" />
84-->[com.google.android.gms:play-services-base:17.2.1] AndroidManifest.xml:26:13-72
85
86        <provider
86-->[androidx.lifecycle:lifecycle-process:2.2.0] AndroidManifest.xml:25:9-29:43
87            android:name="androidx.lifecycle.ProcessLifecycleOwnerInitializer"
87-->[androidx.lifecycle:lifecycle-process:2.2.0] AndroidManifest.xml:26:13-79
88            android:authorities="com.ASETP.project.lifecycle-process"
88-->[androidx.lifecycle:lifecycle-process:2.2.0] AndroidManifest.xml:27:13-69
89            android:exported="false"
89-->[androidx.lifecycle:lifecycle-process:2.2.0] AndroidManifest.xml:28:13-37
90            android:multiprocess="true" />
90-->[androidx.lifecycle:lifecycle-process:2.2.0] AndroidManifest.xml:29:13-40
91
92        <service
92-->[com.google.android.datatransport:transport-backend-cct:2.3.0] AndroidManifest.xml:29:9-35:19
93            android:name="com.google.android.datatransport.runtime.backends.TransportBackendDiscovery"
93-->[com.google.android.datatransport:transport-backend-cct:2.3.0] AndroidManifest.xml:30:13-103
94            android:exported="false" >
94-->[com.google.android.datatransport:transport-backend-cct:2.3.0] AndroidManifest.xml:31:13-37
95            <meta-data
95-->[com.google.android.datatransport:transport-backend-cct:2.3.0] AndroidManifest.xml:32:13-34:39
96                android:name="backend:com.google.android.datatransport.cct.CctBackendFactory"
96-->[com.google.android.datatransport:transport-backend-cct:2.3.0] AndroidManifest.xml:33:17-94
97                android:value="cct" />
97-->[com.google.android.datatransport:transport-backend-cct:2.3.0] AndroidManifest.xml:34:17-36
98        </service>
99        <service
99-->[com.google.android.datatransport:transport-runtime:2.2.3] AndroidManifest.xml:26:9-30:19
100            android:name="com.google.android.datatransport.runtime.scheduling.jobscheduling.JobInfoSchedulerService"
100-->[com.google.android.datatransport:transport-runtime:2.2.3] AndroidManifest.xml:27:13-117
101            android:exported="false"
101-->[com.google.android.datatransport:transport-runtime:2.2.3] AndroidManifest.xml:28:13-37
102            android:permission="android.permission.BIND_JOB_SERVICE" >
102-->[com.google.android.datatransport:transport-runtime:2.2.3] AndroidManifest.xml:29:13-69
103        </service>
104
105        <receiver
105-->[com.google.android.datatransport:transport-runtime:2.2.3] AndroidManifest.xml:32:9-34:40
106            android:name="com.google.android.datatransport.runtime.scheduling.jobscheduling.AlarmManagerSchedulerBroadcastReceiver"
106-->[com.google.android.datatransport:transport-runtime:2.2.3] AndroidManifest.xml:33:13-132
107            android:exported="false" />
107-->[com.google.android.datatransport:transport-runtime:2.2.3] AndroidManifest.xml:34:13-37
108    </application>
109
110</manifest>